[2025-02-02 00:59:34] 기존 애플리케이션 정리 중...
[2025-02-02 00:59:38] 애플리케이션 빌드 중...
[2025-02-02 01:00:29] Docker 이미지 푸시 중...
[2025-02-02 01:04:46] 데이터베이스 설정 중...
[2025-02-02 01:04:47] 데이터베이스 Secret 설정 중...
[2025-02-02 01:04:47] 기존 데이터베이스 정리 중...
[2025-02-02 01:04:48] PostgreSQL 데이터베이스 설정 중...
[2025-02-02 01:04:49] PostgreSQL 준비 상태 대기 중...
[2025-02-02 01:05:22] 데이터베이스 생성 확인 중...
[2025-02-02 01:05:23] 데이터베이스 생성 확인 중... (1/10)
[2025-02-02 01:05:28] 데이터베이스 'telecomdb' 생성 확인 완료
[2025-02-02 01:05:28] MongoDB 데이터베이스 설정 중...
[2025-02-02 01:05:29] 데이터베이스 준비 상태 대기 중...
[2025-02-02 01:06:08] Event Hub 확인 중...
[2025-02-02 01:06:09] Plan Event Hub 네임스페이스 생성 중... (약 2-3분 소요)
[2025-02-02 01:08:06] Usage Event Hub 네임스페이스 생성 중... (약 2-3분 소요)
[2025-02-02 01:08:43] Plan Event Hub 생성 중...
[2025-02-02 01:08:49] Usage Event Hub 생성 중...
[2025-02-02 01:08:52] Event Hub 연결 문자열 가져오는 중...
[2025-02-02 01:08:54] Event Hub 연결 정보를 Secret으로 저장 중...
[2025-02-02 01:08:54] Event Hub 설정 완료
[2025-02-02 01:08:54] Storage Account 및 Blob Container 설정 중...
[2025-02-02 01:08:56] Error: Storage Account 생성 실패
[2025-02-02 01:28:06] 기존 애플리케이션 정리 중...
[2025-02-02 01:28:08] 애플리케이션 빌드 중...
[2025-02-02 01:28:39] Docker 이미지 푸시 중...
[2025-02-02 01:30:33] 데이터베이스 설정 중...
[2025-02-02 01:30:33] 데이터베이스 Secret 설정 중...
[2025-02-02 01:30:34] 기존 데이터베이스 정리 중...
[2025-02-02 01:30:36] PostgreSQL 데이터베이스 설정 중...
[2025-02-02 01:30:37] PostgreSQL 준비 상태 대기 중...
[2025-02-02 01:30:59] 데이터베이스 생성 확인 중...
[2025-02-02 01:31:00] 데이터베이스 생성 확인 중... (1/10)
[2025-02-02 01:31:06] 데이터베이스 'telecomdb' 생성 확인 완료
[2025-02-02 01:31:06] MongoDB 데이터베이스 설정 중...
[2025-02-02 01:31:06] 데이터베이스 준비 상태 대기 중...
[2025-02-02 01:31:24] Event Hub 확인 중...
[2025-02-02 01:31:24] 기존 Plan Event Hub 네임스페이스 사용
[2025-02-02 01:31:25] 기존 Usage Event Hub 네임스페이스 사용
[2025-02-02 01:31:26] Event Hub 연결 문자열 가져오는 중...
[2025-02-02 01:31:28] Event Hub 연결 정보를 Secret으로 저장 중...
[2025-02-02 01:31:28] Event Hub 설정 완료
[2025-02-02 01:31:28] Storage Account 및 Blob Container 설정 중...
[2025-02-02 01:31:58] 애플리케이션 배포를 위한 ConfigMap 생성 중...
[2025-02-02 01:31:59] 애플리케이션 배포 중...
[2025-02-02 01:32:11] Service External IP 대기 중...
[2025-02-02 01:32:11] LoadBalancer IP 대기 중... (1/30)
[2025-02-02 01:32:22] 모든 리소스가 성공적으로 생성되었습니다.
[2025-02-02 01:32:22] === 배포 완료 ===
[2025-02-02 01:32:22] Command Service URL: http://20.249.71.188:8080/swagger-ui.html
[2025-02-02 01:32:22] Query Service URL: http://20.249.71.190:8080/swagger-ui.html
